<?xml version='1.0' encoding='UTF-8'?>
<testsuite hostname="dc5a250c0573" name="hppsProject.AllToAllControllerTest" tests="2" errors="0" failures="0" skipped="0" time="6.44" timestamp="2022-06-26T09:44:56">
                     <properties>
[...]
</properties>
                     <testcase classname="hppsProject.AllToAllControllerTest" name="controllerFSMtest should changeState" time="5.013">
                                                 
                                               </testcase><testcase classname="hppsProject.AllToAllControllerTest" name="controllerFSMtestmultipleCmd should changeState" time="1.427">
                                                 
                                               </testcase>
                     <system-out><![CDATA[]]></system-out>
                     <system-err><![CDATA[]]></system-err>
                   </testsuite>