[0m[[0m[0mdebug[0m] [0m[0mRunning TaskDef(hppsProject.AllToAllTest, org.scalatest.tools.Framework$$anon$1@3eb3245b, false, [SuiteSelector])[0m
[0m[[0m[0minfo[0m] [0m[0m[32mAllToAllTest:[0m[0m
[0m[[0m[0minfo[0m] [0m[0m[32mcontrollerFSMTest[0m[0m
[0m[[0m[0minfo[0m] [0m[0m[31m- should changeState *** FAILED ***[0m[0m
[0m[[0m[0minfo[0m] [0m[0m[31m  false was not true (AllToAllTest.scala:154)[0m[0m
[0m[[0m[0minfo[0m] [0m[0m[32mtestLoad[0m[0m
[0m[[0m[0minfo[0m] [0m[0m[31m- should load *** FAILED ***[0m[0m
[0m[[0m[0minfo[0m] [0m[0m[31m  false was not true (AllToAllTest.scala:161)[0m[0m
[0m[[0m[0mdebug[0m] [0m[0mSummary for ScalaCheck not available.[0m
[0m[[0m[0minfo[0m] [0m[0mScalaTest[0m
[0m[[0m[0minfo[0m] [0m[0m[36mRun completed in 8 seconds, 455 milliseconds.[0m[0m
[0m[[0m[0minfo[0m] [0m[0m[36mTotal number of tests run: 2[0m[0m
[0m[[0m[0minfo[0m] [0m[0m[36mSuites: completed 1, aborted 0[0m[0m
[0m[[0m[0minfo[0m] [0m[0m[36mTests: succeeded 0, failed 2, canceled 0, ignored 0, pending 0[0m[0m
[0m[[0m[0minfo[0m] [0m[0m[31m*** 2 TESTS FAILED ***[0m[0m
[0m[[0m[31merror[0m] [0m[0mFailed: Total 2, Failed 2, Errors 0, Passed 0[0m
[0m[[0m[31merror[0m] [0m[0mFailed tests:[0m
[0m[[0m[31merror[0m] [0m[0m	hppsProject.AllToAllTest[0m
[0m[[0m[31merror[0m] [0m[0m(Test / [31mtest[0m) sbt.TestsFailedException: Tests unsuccessful[0m
